WhatsApp/app/build/outputs/logs/manifest-merger-debug-report.txt
-- Merging decision tree log ---
manifest
ADDED from src\main\AndroidManifest.xml:2:1-60:12
INJECTED from src\main\AndroidManifest.xml:2:1-60:12
INJECTED from src\main\AndroidManifest.xml:2:1-60:12
INJECTED from src\main\AndroidManifest.xml:2:1-60:12
INJECTED from src\main\AndroidManifest.xml:2:1-60:12
INJECTED from src\main\AndroidManifest.xml:2:1-60:12
INJECTED from src\main\AndroidManifest.xml:2:1-60:12
	package
		ADDED from src\main\AndroidManifest.xml:3:11-37
		INJECTED from src\main\AndroidManifest.xml
		INJECTED from src\main\AndroidManifest.xml
	android:versionName
		ADDED from src\main\AndroidManifest.xml:5:11-36
		INJECTED from src\main\AndroidManifest.xml
		INJECTED from src\main\AndroidManifest.xml
	xmlns:android
		ADDED from src\main\AndroidManifest.xml:2:11-69
	android:versionCode
		ADDED from src\main\AndroidManifest.xml:4:11-34
		INJECTED from src\main\AndroidManifest.xml
		INJECTED from src\main\AndroidManifest.xml
uses-sdk
ADDED from src\main\AndroidManifest.xml:7:6-45
INJECTED from src\main\AndroidManifest.xml:7:6-45
INJECTED from src\main\AndroidManifest.xml:7:6-45
INJECTED from src\main\AndroidManifest.xml:7:6-45
INJECTED from src\main\AndroidManifest.xml:7:6-45
	android:maxSdkVersion
		ADDED from src\main\AndroidManifest.xml:7:16-42
	android:targetSdkVersion
		INJECTED from src\main\AndroidManifest.xml
		ADDED from src\main\AndroidManifest.xml:7:6-45
		INJECTED from src\main\AndroidManifest.xml
	android:minSdkVersion
		INJECTED from src\main\AndroidManifest.xml
		ADDED from src\main\AndroidManifest.xml:7:6-45
		INJECTED from src\main\AndroidManifest.xml
uses-permission#android.permission.INTERNET
ADDED from src\main\AndroidManifest.xml:9:5-67
	android:name
		ADDED from src\main\AndroidManifest.xml:9:22-64
uses-permission#android.permission.WRITE_EXTERNAL_STORAGE
ADDED from src\main\AndroidManifest.xml:10:5-80
	android:name
		ADDED from src\main\AndroidManifest.xml:10:22-78
uses-permission#android.permission.ACCESS_NETWORK_STATE
ADDED from src\main\AndroidManifest.xml:12:5-78
	android:name
		ADDED from src\main\AndroidManifest.xml:12:22-76
application
ADDED from src\main\AndroidManifest.xml:14:5-59:19
	android:label
		ADDED from src\main\AndroidManifest.xml:15:18-50
	android:hardwareAccelerated
		ADDED from src\main\AndroidManifest.xml:16:18-52
	android:theme
		ADDED from src\main\AndroidManifest.xml:17:18-60
	android:name
		ADDED from src\main\AndroidManifest.xml:14:18-46
activity#edu.upc.whatsapp.a_WelcomeActivity
ADDED from src\main\AndroidManifest.xml:19:9-25:20
	android:label
		ADDED from src\main\AndroidManifest.xml:20:19-51
	android:name
		ADDED from src\main\AndroidManifest.xml:19:19-52
intent-filter#action:name:android.intent.action.MAIN+category:name:android.intent.category.LAUNCHER
ADDED from src\main\AndroidManifest.xml:21:13-24:29
action#android.intent.action.MAIN
ADDED from src\main\AndroidManifest.xml:22:17-69
	android:name
		ADDED from src\main\AndroidManifest.xml:22:25-66
category#android.intent.category.LAUNCHER
ADDED from src\main\AndroidManifest.xml:23:17-77
	android:name
		ADDED from src\main\AndroidManifest.xml:23:27-74
activity#edu.upc.whatsapp.b_LoginActivity
ADDED from src\main\AndroidManifest.xml:27:9-31:20
	android:screenOrientation
		ADDED from src\main\AndroidManifest.xml:28:19-55
	android:label
		ADDED from src\main\AndroidManifest.xml:30:19-45
	android:theme
		ADDED from src\main\AndroidManifest.xml:29:19-62
	android:name
		ADDED from src\main\AndroidManifest.xml:27:19-49
activity#edu.upc.whatsapp.c_RegistrationActivity
ADDED from src\main\AndroidManifest.xml:32:9-36:20
	android:screenOrientation
		ADDED from src\main\AndroidManifest.xml:33:19-55
	android:label
		ADDED from src\main\AndroidManifest.xml:34:19-47
	android:windowSoftInputMode
		ADDED from src\main\AndroidManifest.xml:35:19-60
	android:name
		ADDED from src\main\AndroidManifest.xml:32:19-56
activity#edu.upc.whatsapp.d_UsersListActivity
ADDED from src\main\AndroidManifest.xml:37:9-39:20
	android:label
		ADDED from src\main\AndroidManifest.xml:38:19-45
	android:name
		ADDED from src\main\AndroidManifest.xml:37:19-53
activity#edu.upc.whatsapp.e_MessagesActivity_1
ADDED from src\main\AndroidManifest.xml:40:9-43:20
	android:label
		ADDED from src\main\AndroidManifest.xml:41:19-43
	android:windowSoftInputMode
		ADDED from src\main\AndroidManifest.xml:42:19-60
	android:name
		ADDED from src\main\AndroidManifest.xml:40:19-55
activity#edu.upc.whatsapp.e_MessagesActivity_2_websocket
ADDED from src\main\AndroidManifest.xml:44:9-47:20
	android:label
		ADDED from src\main\AndroidManifest.xml:45:19-43
	android:windowSoftInputMode
		ADDED from src\main\AndroidManifest.xml:46:19-60
	android:name
		ADDED from src\main\AndroidManifest.xml:44:19-65
activity#edu.upc.whatsapp.e_MessagesActivity_3_broadcast_receiver
ADDED from src\main\AndroidManifest.xml:48:9-51:20
	android:label
		ADDED from src\main\AndroidManifest.xml:49:19-43
	android:windowSoftInputMode
		ADDED from src\main\AndroidManifest.xml:50:19-60
	android:name
		ADDED from src\main\AndroidManifest.xml:48:19-74
activity#edu.upc.whatsapp.e_MessagesActivity_4_broadcast_and_persistence
ADDED from src\main\AndroidManifest.xml:52:9-55:20
	android:label
		ADDED from src\main\AndroidManifest.xml:53:19-43
	android:windowSoftInputMode
		ADDED from src\main\AndroidManifest.xml:54:19-60
	android:name
		ADDED from src\main\AndroidManifest.xml:52:19-81
service#edu.upc.whatsapp.service.PushService
ADDED from src\main\AndroidManifest.xml:57:9-56
	android:name
		ADDED from src\main\AndroidManifest.xml:57:18-53